info: GET /users
info: GET /users
info: [34mGET[39m [32m/users[39m
info: [34mGET[39m [32m/users[39m
info: GET /users
[90mundefined[39m [[34mGET /users[39m]
info: GET /users
info: GET /users
info: GET /users
info: GET /users
error: Error en la ruta GET /users: userController.getAllUsersWithPagination is not a function
info: GET /users
error: Error en la ruta GET /users: userController.getAllUsersWithPagination is not a function
info: GET /users
error: Error en la ruta GET /users: userController.getAllUsersWithPagination is not a function
info: GET /users
error: Error en la ruta GET /users: userController.getAllUsersWithPagination is not a function
info: GET /users
error: Error en la ruta GET /users: userController.getAllUsersWithPagination is not a function
info: GET /users
error: Error en la ruta GET /users: userController.getAllUsersWithPagination is not a function
info: GET /users
info: GET /users
info: GET /users
info: GET /users
info: GET /users
info: GET /users
info: GET /users
info: GET /users
info: GET /users
info: GET /users
info: GET /users
info: GET /users
info: GET /users
info: GET /users
info: GET /users
info: GET /users
info: GET /users
info: GET /users
info: GET /users
info: GET /users
info: GET /users
info: GET /users
info: GET /users
info: GET /users
info: GET /users
info: GET /users
info: GET /users
info: GET /users
info: GET /users
info: GET /users
error: Error en la ruta GET /users: redisClient is not defined
info: GET /users
info: GET /users
info: GET /users
info: GET /users
info: GET /users
info: GET /users
info: GET /users
info: GET /users
info: GET /users
info: GET /users
info: GET /users
info: GET /users
info: GET /users/
info: GET /users/
info: GET /users
info: GET /users
info: GET /users
info: GET /users
info: GET /users
info: GET /users
info: GET /users
info: GET /users
info: GET /users
info: GET /users/
info: GET /users/
info: GET /users/
info: GET /users/
info: GET /users
info: GET /users
info: GET /users
info: GET /users
info: GET /users
info: GET /users/
info: GET /users/
info: GET /users/
info: GET /users
info: GET /users
info: GET /users
info: GET /users/
info: GET /users/
info: GET /users
info: GET /users
info: GET /users/
info: GET /users/
info: GET /users/getall
info: GET /users/getall
info: GET /users/
info: GET /users/example
info: GET /users/example
info: GET /users/example
info: GET /users/example
info: GET /users/example
info: GET /users/example
info: GET /users/example
info: GET /users/example
info: GET /users/example
info: GET /users/example
info: GET /users/example
info: GET /users/example
info: GET /users/example
info: GET /users/example
info: GET /users/example
info: GET /users/example
info: GET /users/example
info: GET /users/example
info: GET /users/example
info: GET /users/example
info: GET /users/example
info: POST /users/create
info: POST /users/create
info: POST /users/create
info: POST /users/create
info: POST /users/create
info: POST /users/create
info: POST /users/create
info: POST /users/create
info: POST /users/create
info: POST /users/create
info: POST /users/create
info: POST /users/create
info: POST /users/create
info: GET /users/example
info: POST /users/65640278a1b0ed19208feb31/roles/667d4d00c4d2d6e63616a00c
info: GET /users/login
info: GET /users/login
info: GET /users/
info: POST /users/65640278a1b0ed19208feb31/roles/667d4d00c4d2d6e63616a00c
info: POST /users/65640278a1b0ed19208feb31/roles/667d4d00c4d2d6e63616a00c
info: POST /users/65640278a1b0ed19208feb31/roles/667d4d00c4d2d6e63616a00c
info: POST /users/65/roles/66
info: POST /users/65/roles/66
info: POST /users/65/roles/66
info: POST /users/65/roles/66
info: POST /users/65/roles/66
info: POST /users/65/roles/66
info: POST /users/65/roles/66
info: GET /users/example
info: GET /users/example
info: GET /users/example
info: POST /users/65/roles/66
info: POST /users/65/roles/66
info: POST /users/assignRoleToUser
info: POST /users/assignRoleToUser
info: POST /users/assignRoleToUser
info: POST /users/assignRoleToUser
info: POST /users/assignRoleToUser
info: POST /users/assignRoleToUser
info: POST /users/assignRoleToUser
info: POST /users/assignRoleToUser
info: POST /users/assignRoleToUser
info: GET /users/667dc644aecb879ec62db683/roles
info: GET /users/667dc644aecb879ec62db683/roles
info: GET /users/667dc644aecb879ec62db683/roles
info: GET /users/667dc644aecb879ec62db683/roles
info: GET /users/65640278a1b0ed19208feb3/roles
info: GET /users/65640278a1b0ed19208feb31/roles
info: GET /users/65640278a1b0ed19208feb31/roles
info: GET /users/65640278a1b0ed19208feb31/roles
info: GET /users/65640278a1b0ed19208feb31/roles
info: GET /users/assignRoleToUser
info: POST /users/assignRoleToUser
info: POST /users/65640278a1b0ed19208feb31/roles
info: GET /users/65640278a1b0ed19208feb31/roles
info: GET /users/65640278a1b0ed19208feb31/roles
info: GET /users/example
info: GET /users/example
info: GET /users/example
info: GET /users/example
info: GET /users/example
info: GET /users/example
info: GET /users/example
info: GET /users/example
info: GET /users/example
info: GET /users/example
info: GET /users/example
info: GET /users/example
info: GET /users/example
info: GET /users/example
info: GET /users/example
info: GET /users/example
info: GET /users/example
info: GET /users/example
info: GET /users/example
info: GET /users/example
info: GET /users/example
info: GET /users/example
info: GET /users/example
info: GET /users/example
info: GET /users/example
info: GET /users/example
info: GET /users/example
info: GET /users/example
info: GET /users/example
info: GET /users/example
info: GET /users/example
info: GET /users/example
info: GET /users/example
info: GET /users/example
info: GET /users/example
info: GET /users/example
info: GET /users/example
info: GET /users/example
info: GET /users/example
info: GET /users/example
info: GET /users/example
info: GET /users/example
info: GET /users/example
info: GET /users/example
info: GET /users/example
info: GET /users/example
info: GET /users/example
info: GET /users/example
info: GET /users/example
info: GET /users/example
info: GET /users/example
info: GET /users/example
info: GET /users/example
info: GET /users/example
info: GET /users/example
info: GET /users/example
info: GET /users/example
